[debug] [2025-03-12T12:41:58.347Z] ----------------------------------------------------------------------
[debug] [2025-03-12T12:41:58.350Z] Command:       C:\Program Files\nodejs\node.exe C:\Users\-PC\AppData\Roaming\npm\node_modules\firebase-tools\lib\bin\firebase.js init
[debug] [2025-03-12T12:41:58.350Z] CLI Version:   13.34.0
[debug] [2025-03-12T12:41:58.351Z] Platform:      win32
[debug] [2025-03-12T12:41:58.351Z] Node Version:  v20.15.0
[debug] [2025-03-12T12:41:58.351Z] Time:          Wed Mar 12 2025 07:41:58 GMT-0500 (hora de Ecuador)
[debug] [2025-03-12T12:41:58.351Z] ----------------------------------------------------------------------
[debug] 
[debug] [2025-03-12T12:41:58.361Z] > command requires scopes: ["email","openid","https://www.googleapis.com/auth/cloudplatformprojects.readonly","https://www.googleapis.com/auth/firebase","https://www.googleapis.com/auth/cloud-platform"]
[debug] [2025-03-12T12:41:58.361Z] > authorizing via signed-in user (psnavarrete@cecpiecuador.com)
[info] 
     ######## #### ########  ######## ########     ###     ######  ########
     ##        ##  ##     ## ##       ##     ##  ##   ##  ##       ##
     ######    ##  ########  ######   ########  #########  ######  ######
     ##        ##  ##    ##  ##       ##     ## ##     ##       ## ##
     ##       #### ##     ## ######## ########  ##     ##  ######  ########

You're about to initialize a Firebase project in this directory:

  C:\Users\-PC\Documents\ITSQ\Materias\Calidad de Software\Clases Prácticas\Semana4\app-deploy

[info] 
=== Project Setup
[info] 
[info] First, let's associate this project directory with a Firebase project.
[info] You can create multiple project aliases by running firebase use --add, 
[info] but for now we'll just set up a default project.
[info] 
[debug] [2025-03-12T12:45:25.116Z] Checked if tokens are valid: true, expires at: 1741786783739
[debug] [2025-03-12T12:45:25.116Z] Checked if tokens are valid: true, expires at: 1741786783739
[debug] [2025-03-12T12:45:25.117Z] >>> [apiv2][query] GET https://firebase.googleapis.com/v1beta1/projects pageSize=100
[debug] [2025-03-12T12:45:27.155Z] <<< [apiv2][status] GET https://firebase.googleapis.com/v1beta1/projects 200
[debug] [2025-03-12T12:45:27.155Z] <<< [apiv2][body] GET https://firebase.googleapis.com/v1beta1/projects [omitted]
[info] i  Using project app-deploy-8fbd9 (app-deploy) 
[info] 
=== Apphosting Setup
[debug] [2025-03-12T12:45:34.254Z] Checked if tokens are valid: true, expires at: 1741786783739
[debug] [2025-03-12T12:45:34.254Z] Checked if tokens are valid: true, expires at: 1741786783739
[debug] [2025-03-12T12:45:34.255Z] >>> [apiv2][query] GET https://cloudbilling.googleapis.com/v1/projects/app-deploy-8fbd9/billingInfo [none]
[debug] [2025-03-12T12:45:37.339Z] <<< [apiv2][status] GET https://cloudbilling.googleapis.com/v1/projects/app-deploy-8fbd9/billingInfo 200
[debug] [2025-03-12T12:45:37.340Z] <<< [apiv2][body] GET https://cloudbilling.googleapis.com/v1/projects/app-deploy-8fbd9/billingInfo {"name":"projects/app-deploy-8fbd9/billingInfo","projectId":"app-deploy-8fbd9","billingAccountName":"billingAccounts/01FBD7-2DE08C-87B1EE","billingEnabled":true}
[info] i  Writing default settings to apphosting.yaml... 
[info] +  Wrote apphosting.yaml 
[info] +  Create a new App Hosting backend with `firebase apphosting:backends:create` 
[info] 
=== Hosting Setup
[debug] [2025-03-12T12:45:37.345Z] Checked if tokens are valid: true, expires at: 1741786783739
[debug] [2025-03-12T12:45:37.346Z] Checked if tokens are valid: true, expires at: 1741786783739
[debug] [2025-03-12T12:45:37.346Z] >>> [apiv2][query] GET https://firebase.googleapis.com/v1beta1/projects/app-deploy-8fbd9 [none]
[debug] [2025-03-12T12:45:37.842Z] <<< [apiv2][status] GET https://firebase.googleapis.com/v1beta1/projects/app-deploy-8fbd9 200
[debug] [2025-03-12T12:45:37.842Z] <<< [apiv2][body] GET https://firebase.googleapis.com/v1beta1/projects/app-deploy-8fbd9 {"projectId":"app-deploy-8fbd9","projectNumber":"641210690879","displayName":"app-deploy","name":"projects/app-deploy-8fbd9","resources":{"hostingSite":"app-deploy-8fbd9"},"state":"ACTIVE","etag":"1_c07a021e-ddfb-4dd3-a8d1-acc79d63f222"}
[info] 
[info] i  Detected a .git folder at C:\Users\-PC\Documents\ITSQ\Materias\Calidad de Software\Clases Prácticas\Semana4\app-deploy 
[info] i  Authorizing with GitHub to upload your service account to a GitHub repository's secrets store. 
[info] 
[info] Visit this URL on this device to log in:
[info] https://github.com/login/oauth/authorize?client_id=89cf50f02ac6aaed3484&state=100672532&redirect_uri=http%3A%2F%2Flocalhost%3A9005&scope=read%3Auser%20repo%20public_repo
[info] 
[info] Waiting for authentication...
[debug] [2025-03-12T12:47:38.239Z] >>> [apiv2][query] POST https://github.com/login/oauth/access_token [none]
[debug] [2025-03-12T12:47:38.239Z] >>> [apiv2][body] POST https://github.com/login/oauth/access_token [stream]
[debug] [2025-03-12T12:47:38.718Z] <<< [apiv2][status] POST https://github.com/login/oauth/access_token 200
[debug] [2025-03-12T12:47:38.719Z] <<< [apiv2][body] POST https://github.com/login/oauth/access_token {"access_token":"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","token_type":"bearer","scope":"read:user,repo"}
[debug] [2025-03-12T12:47:38.723Z] >>> [apiv2][query] GET https://api.github.com/user [none]
[debug] [2025-03-12T12:47:39.472Z] <<< [apiv2][status] GET https://api.github.com/user 200
[debug] [2025-03-12T12:47:39.472Z] <<< [apiv2][body] GET https://api.github.com/user {"login":"PabloOmega","id":141158944,"node_id":"U_kgDOCGnqIA","avatar_url":"https://avatars.githubusercontent.com/u/141158944?v=4","gravatar_id":"","url":"https://api.github.com/users/PabloOmega","html_url":"https://github.com/PabloOmega","followers_url":"https://api.github.com/users/PabloOmega/followers","following_url":"https://api.github.com/users/PabloOmega/following{/other_user}","gists_url":"https://api.github.com/users/PabloOmega/gists{/gist_id}","starred_url":"https://api.github.com/users/PabloOmega/starred{/owner}{/repo}","subscriptions_url":"https://api.github.com/users/PabloOmega/subscriptions","organizations_url":"https://api.github.com/users/PabloOmega/orgs","repos_url":"https://api.github.com/users/PabloOmega/repos","events_url":"https://api.github.com/users/PabloOmega/events{/privacy}","received_events_url":"https://api.github.com/users/PabloOmega/received_events","type":"User","user_view_type":"private","site_admin":false,"name":"Pablo Navarrete","company":"CECPI 3D","blog":"https://www.cecpiecuador.com","location":"Quito","email":null,"hireable":null,"bio":null,"twitter_username":null,"notification_email":null,"public_repos":23,"public_gists":0,"followers":0,"following":0,"created_at":"2023-08-01T14:40:21Z","updated_at":"2024-08-22T00:39:07Z","private_gists":0,"total_private_repos":8,"owned_private_repos":8,"disk_usage":349025,"collaborators":3,"two_factor_authentication":false,"plan":{"name":"free","space":976562499,"collaborators":0,"private_repos":10000}}
[info] 
[info] +  Success! Logged into GitHub as PabloOmega 
[info] 
